<?xml version="1.0" encoding="UTF-8"?>
<!-- Generated by org.testng.reporters.JUnitReportReporter -->
<testsuite hostname="UTSHOB" failures="0" tests="1" name="com.pchousebd.testcases.QuickChekoutTest" time="10.685" errors="0" timestamp="2024-12-27T11:20:49 BDT" skipped="0">
  <testcase classname="com.pchousebd.testcases.QuickChekoutTest" name="checkout" time="10.685"/>
</testsuite> <!-- com.pchousebd.testcases.QuickChekoutTest -->
