<?xml version="1.0" encoding="UTF-8"?>
<!-- Generated by org.testng.reporters.JUnitReportReporter -->
<testsuite hostname="UTSHOB" failures="0" tests="1" name="com.pchousebd.testcases.CheckoutSuccessTest" time="7.229" errors="0" timestamp="2024-12-29T08:28:43 BDT" skipped="0">
  <testcase classname="com.pchousebd.testcases.CheckoutSuccessTest" name="checkoutSuccess" time="7.229"/>
</testsuite> <!-- com.pchousebd.testcases.CheckoutSuccessTest -->
