<?xml version="1.0" encoding="UTF-8"?>
<!-- Generated by org.testng.reporters.JUnitReportReporter -->
<testsuite hostname="UTSHOB" failures="0" tests="1" name="com.pchousebd.testcases.QuickChekoutTest" time="1.519" errors="0" timestamp="2024-12-29T04:22:05 BDT" skipped="0">
  <testcase classname="com.pchousebd.testcases.QuickChekoutTest" name="checkout" time="1.519"/>
</testsuite> <!-- com.pchousebd.testcases.QuickChekoutTest -->
