<?xml version="1.0" encoding="UTF-8"?>
<!-- Generated by org.testng.reporters.JUnitReportReporter -->
<testsuite hostname="UTSHOB" failures="0" tests="1" name="com.pchousebd.testcases.RegistrationTest" time="6.430" errors="0" timestamp="2024-12-29T08:24:50 BDT" skipped="0">
  <testcase classname="com.pchousebd.testcases.RegistrationTest" name="registerWithValidCredential" time="6.430"/>
</testsuite> <!-- com.pchousebd.testcases.RegistrationTest -->
