<?xml version="1.0" encoding="UTF-8"?>
<!-- Generated by org.testng.reporters.JUnitReportReporter -->
<testsuite hostname="UTSHOB" failures="0" tests="1" name="com.pchousebd.testcases.HomePageAfterLoginTest" time="0.814" errors="0" timestamp="2024-12-27T05:34:51 BDT" skipped="0">
  <testcase classname="com.pchousebd.testcases.HomePageAfterLoginTest" name="returnToHomePage" time="0.814"/>
</testsuite> <!-- com.pchousebd.testcases.HomePageAfterLoginTest -->
