<?xml version="1.0" encoding="UTF-8"?>
<!-- Generated by org.testng.reporters.JUnitReportReporter -->
<testsuite hostname="UTSHOB" failures="0" tests="1" name="com.pchousebd.testcases.LoginTest" time="2.592" errors="0" timestamp="2024-12-29T04:22:05 BDT" skipped="0">
  <testcase classname="com.pchousebd.testcases.LoginTest" name="loginWithValidCredential" time="2.592"/>
</testsuite> <!-- com.pchousebd.testcases.LoginTest -->
