<?xml version="1.0" encoding="UTF-8"?>
<!-- Generated by org.testng.reporters.JUnitReportReporter -->
<testsuite hostname="UTSHOB" failures="0" tests="1" name="com.pchousebd.testcases.ProcessorSelectionFromPageTest" time="1.338" errors="0" timestamp="2024-12-27T05:34:51 BDT" skipped="0">
  <testcase classname="com.pchousebd.testcases.ProcessorSelectionFromPageTest" name="processorSelect" time="1.338"/>
</testsuite> <!-- com.pchousebd.testcases.ProcessorSelectionFromPageTest -->
