<?xml version="1.0" encoding="UTF-8"?>
<!-- Generated by org.testng.reporters.JUnitReportReporter -->
<testsuite hostname="UTSHOB" failures="0" tests="1" name="com.pchousebd.testcases.HoverToProcessorTest" time="0.680" errors="0" timestamp="2024-12-27T10:31:34 BDT" skipped="0">
  <testcase classname="com.pchousebd.testcases.HoverToProcessorTest" name="hoverToProcessorOptions" time="0.680"/>
</testsuite> <!-- com.pchousebd.testcases.HoverToProcessorTest -->
