<?xml version="1.0" encoding="UTF-8"?>
<!-- Generated by org.testng.reporters.JUnitReportReporter -->
<testsuite hostname="UTSHOB" failures="0" tests="1" name="com.pchousebd.testcases.selectIntelTest" time="3.968" errors="0" timestamp="2024-12-29T08:28:43 BDT" skipped="0">
  <testcase classname="com.pchousebd.testcases.selectIntelTest" name="selectIntel" time="3.968"/>
</testsuite> <!-- com.pchousebd.testcases.selectIntelTest -->
