<?xml version="1.0" encoding="UTF-8"?>
<!-- Generated by org.testng.reporters.JUnitReportReporter -->
<testsuite hostname="UTSHOB" failures="0" tests="1" name="com.pchousebd.testcases.RegistrationTest" time="4.384" errors="0" timestamp="2024-12-27T06:32:49 BDT" skipped="0">
  <testcase classname="com.pchousebd.testcases.RegistrationTest" name="registerWithValidCredential" time="4.384"/>
</testsuite> <!-- com.pchousebd.testcases.RegistrationTest -->
