<?xml version="1.0" encoding="UTF-8"?>
<!-- Generated by org.testng.reporters.JUnitReportReporter -->
<testsuite hostname="UTSHOB" failures="0" tests="1" name="com.pchousebd.testcases.RegistrationTest" time="2.961" errors="0" timestamp="2024-12-27T11:10:47 BDT" skipped="0">
  <testcase classname="com.pchousebd.testcases.RegistrationTest" name="registerWithValidCredential" time="2.961"/>
</testsuite> <!-- com.pchousebd.testcases.RegistrationTest -->
