<?xml version="1.0" encoding="UTF-8"?>
<!-- Generated by org.testng.reporters.JUnitReportReporter -->
<testsuite hostname="UTSHOB" failures="0" tests="1" name="com.pchousebd.testcases.LoginTest" time="3.006" errors="0" timestamp="2024-12-29T08:28:43 BDT" skipped="0">
  <testcase classname="com.pchousebd.testcases.LoginTest" name="loginWithValidCredential" time="3.006"/>
</testsuite> <!-- com.pchousebd.testcases.LoginTest -->
