<?xml version="1.0" encoding="UTF-8"?>
<!-- Generated by org.testng.reporters.JUnitReportReporter -->
<testsuite hostname="UTSHOB" failures="0" tests="1" name="com.pchousebd.testcases.HomePageTest" time="2.613" errors="0" timestamp="2024-12-29T08:28:43 BDT" skipped="0">
  <testcase classname="com.pchousebd.testcases.HomePageTest" name="homePageStartup" time="2.613"/>
</testsuite> <!-- com.pchousebd.testcases.HomePageTest -->
