<?xml version="1.0" encoding="UTF-8"?>
<!-- Generated by org.testng.reporters.JUnitReportReporter -->
<testsuite hostname="UTSHOB" failures="0" tests="1" name="com.pchousebd.testcases.GotoCheckoutPageTest" time="3.210" errors="0" timestamp="2024-12-29T08:28:43 BDT" skipped="0">
  <testcase classname="com.pchousebd.testcases.GotoCheckoutPageTest" name="checkoutButtonClick" time="3.210"/>
</testsuite> <!-- com.pchousebd.testcases.GotoCheckoutPageTest -->
