<?xml version="1.0" encoding="UTF-8"?>
<!-- Generated by org.testng.reporters.JUnitReportReporter -->
<testsuite hostname="UTSHOB" failures="0" tests="1" name="com.pchousebd.testcases.selectIntelTest" time="3.843" errors="0" timestamp="2024-12-27T10:31:34 BDT" skipped="0">
  <testcase classname="com.pchousebd.testcases.selectIntelTest" name="selectIntel" time="3.843"/>
</testsuite> <!-- com.pchousebd.testcases.selectIntelTest -->
